[19:50:05] [ServerMain/INFO]: [bootstrap] Running Java 21 (OpenJDK 64-Bit Server VM 21.0.7+6-Ubuntu-0ubuntu120.04; Ubuntu null) on Linux 6.8.0-1027-azure (amd64)
[19:50:05] [ServerMain/INFO]: [bootstrap] Loading Paper 1.21.1-57-master@b483da4 (2024-09-01T18:09:05Z) for Minecraft 1.21.1
[19:50:05] [ServerMain/INFO]: [PluginInitializerManager] Initializing plugins...
[19:50:05] [ServerMain/INFO]: [PluginInitializerManager] Initialized 0 plugins
[19:50:07] [Paper Plugin Remapper Thread - 0/INFO]: [ReobfServer] Remapping server...
[19:50:18] [ServerMain/INFO]: Environment: Environment[sessionHost=https://sessionserver.mojang.com, servicesHost=https://api.minecraftservices.com, name=PROD]
[19:50:19] [ServerMain/INFO]: Found new data pack file/bukkit, loading it automatically
[19:50:19] [ServerMain/INFO]: Found new data pack paper, loading it automatically
[19:50:21] [ServerMain/INFO]: No existing world data, creating new world
[19:50:24] [ServerMain/INFO]: Loaded 1290 recipes
[19:50:24] [Paper Plugin Remapper Thread - 0/INFO]: [ReobfServer] Done remapping server in 16591ms.
[19:50:24] [ServerMain/INFO]: Loaded 1399 advancements
[19:50:25] [Server thread/INFO]: Starting minecraft server version 1.21.1
[19:50:25] [Server thread/INFO]: Loading properties
[19:50:25] [Server thread/INFO]: This server is running Paper version 1.21.1-57-master@b483da4 (2024-09-01T18:09:05Z) (Implementing API version 1.21.1-R0.1-SNAPSHOT)
[19:50:26] [Server thread/INFO]: [spark] This server bundles the spark profiler. For more information please visit https://docs.papermc.io/paper/profiling
[19:50:26] [Server thread/INFO]: Server Ping Player Sample Count: 12
[19:50:26] [Server thread/INFO]: Using 4 threads for Netty based IO
[19:50:28] [Server thread/INFO]: [ChunkTaskScheduler] Chunk system is using 1 I/O threads, 1 worker threads, and population gen parallelism of 1 threads
[19:50:28] [Server thread/INFO]: Default game type: SURVIVAL
[19:50:28] [Server thread/INFO]: Generating keypair
[19:50:28] [Server thread/INFO]: Starting Minecraft server on *:25565
[19:50:28] [Server thread/INFO]: Using epoll channel type
[19:50:28] [Server thread/INFO]: Paper: Using libdeflate (Linux x86_64) compression from Velocity.
[19:50:28] [Server thread/INFO]: Paper: Using OpenSSL 1.1.x (Linux x86_64) cipher from Velocity.
[19:50:29] [Server thread/WARN]: **** SERVER IS RUNNING IN OFFLINE/INSECURE MODE!
[19:50:29] [Server thread/WARN]: The server will make no attempt to authenticate usernames. Beware.
[19:50:29] [Server thread/WARN]: While this makes the game possible to play without internet access, it also opens up the ability for hackers to connect with any username they choose.
[19:50:29] [Server thread/WARN]: To change this, set "online-mode" to "true" in the server.properties file.
[19:50:29] [Server thread/INFO]: Preparing level "world"
[19:50:47] [Server thread/INFO]: Preparing start region for dimension minecraft:overworld
[19:50:59] [Server thread/INFO]: Time elapsed: 12260 ms
[19:50:59] [Server thread/INFO]: Preparing start region for dimension minecraft:the_nether
[19:51:03] [Server thread/INFO]: Time elapsed: 3729 ms
[19:51:03] [Server thread/INFO]: Preparing start region for dimension minecraft:the_end
[19:51:04] [Server thread/INFO]: Time elapsed: 1044 ms
[19:51:04] [Server thread/INFO]: [spark] Starting background profiler...
[19:51:04] [Server thread/INFO]: Done preparing level "world" (35.724s)
[19:51:04] [Server thread/INFO]: Running delayed init tasks
[19:51:04] [Server thread/INFO]: Done (60.791s)! For help, type "help"
[19:51:04] [Server thread/INFO]: *************************************************************************************
[19:51:04] [Server thread/INFO]: This is the first time you're starting this server.
[19:51:04] [Server thread/INFO]: It's recommended you read our 'Getting Started' documentation for guidance.
[19:51:04] [Server thread/INFO]: View this and more helpful information here: https://docs.papermc.io/paper/next-steps
[19:51:04] [Server thread/INFO]: *************************************************************************************
[19:51:04] [Server thread/INFO]: Timings Reset
[19:52:01] [User Authenticator #0/INFO]: UUID of player Min_Chulo is c64d5450-ef6c-3309-ac03-cff3f3f0edaf
[19:52:07] [Server thread/INFO]: Min_Chulo joined the game
[19:52:07] [Server thread/INFO]: Min_Chulo[/127.203.125.67:34267] logged in with entity id 21 at ([world]61.5, 96.0, 53.5)
[19:52:25] [Server thread/INFO]: A player is required to run this command here
[19:52:37] [Server thread/INFO]: Set Min_Chulo's game mode to Creative Mode
[19:52:55] [Server thread/INFO]: Set Min_Chulo's game mode to Survival Mode
[19:52:56] [Server thread/INFO]: Min_Chulo fell from a high place
[19:53:14] [Server thread/INFO]: Min_Chulo lost connection: Kicked by an operator
[19:53:14] [Server thread/INFO]: Min_Chulo left the game
[19:53:14] [Server thread/INFO]: Kicked Min_Chulo: Kicked by an operator
[19:54:52] [Server thread/INFO]: Stopping the server
[19:54:52] [Server thread/INFO]: Stopping server
[19:54:52] [Server thread/INFO]: Saving players
[19:54:52] [Server thread/INFO]: Saving worlds
[19:54:52] [Server thread/INFO]: Saving chunks for level 'ServerLevel[world]'/minecraft:overworld
[19:54:52] [Server thread/INFO]: [ChunkHolderManager] Waiting 60s for chunk system to halt for world 'world'
[19:54:52] [Server thread/INFO]: [ChunkHolderManager] Halted chunk system for world 'world'
[19:54:52] [Server thread/INFO]: [ChunkHolderManager] Saving all chunkholders for world 'world'
[19:54:54] [Server thread/INFO]: [ChunkHolderManager] Saved 841 block chunks, 571 entity chunks, 0 poi chunks in world 'world' in 1.98s
[19:54:54] [Server thread/INFO]: Saving chunks for level 'ServerLevel[world_nether]'/minecraft:the_nether
[19:54:54] [Server thread/INFO]: [ChunkHolderManager] Waiting 60s for chunk system to halt for world 'world_nether'
[19:54:54] [Server thread/INFO]: [ChunkHolderManager] Halted chunk system for world 'world_nether'
[19:54:54] [Server thread/INFO]: [ChunkHolderManager] Saving all chunkholders for world 'world_nether'
[19:54:55] [Server thread/INFO]: [ChunkHolderManager] Saved 841 block chunks, 49 entity chunks, 0 poi chunks in world 'world_nether' in 0.54s
[19:54:55] [Server thread/INFO]: Saving chunks for level 'ServerLevel[world_the_end]'/minecraft:the_end
[19:54:55] [Server thread/INFO]: [ChunkHolderManager] Waiting 60s for chunk system to halt for world 'world_the_end'
[19:54:55] [Server thread/INFO]: [ChunkHolderManager] Halted chunk system for world 'world_the_end'
[19:54:55] [Server thread/INFO]: [ChunkHolderManager] Saving all chunkholders for world 'world_the_end'
[19:54:55] [Server thread/INFO]: [ChunkHolderManager] Saved 841 block chunks, 49 entity chunks, 0 poi chunks in world 'world_the_end' in 0.39s
[19:54:55] [Server thread/INFO]: ThreadedAnvilChunkStorage (world): All chunks are saved
[19:54:55] [Server thread/INFO]: ThreadedAnvilChunkStorage (DIM-1): All chunks are saved
[19:54:55] [Server thread/INFO]: ThreadedAnvilChunkStorage (DIM1): All chunks are saved
[19:54:55] [Server thread/INFO]: ThreadedAnvilChunkStorage: All dimensions are saved
